Build started 2/28/2015 9:46:23 AM.
     1>Project "C:\Users\JINGZHEN\Documents\GitHub\CE2\Text Buddy 2\UnitTest2\UnitTest2.vcxproj" on node 3 (Build target(s)).
     1>ClCompile:
         C:\Program Files (x86)\Microsoft Visual Studio 11.0\VC\bin\CL.exe /c /I"C:\Users\JINGZHEN\Documents\GitHub\CE2\Text Buddy 2\Text Buddy 2" /I"C:\Program Files (x86)\Microsoft Visual Studio 11.0\VC\UnitTest\include" /ZI /nologo /W3 /WX- /Od /Oy- /D WIN32 /D _DEBUG /D _WINDLL /D _UNICODE /D UNICODE /Gm /EHsc /RTC1 /MDd /GS /fp:precise /Zc:wchar_t /Zc:forScope /Yu"stdafx.h" /Fp"Debug\UnitTest2.pch" /Fo"Debug\\" /Fd"Debug\vc110.pdb" /Gd /TP /analyze- /FC /errorReport:prompt unittest1.cpp
         unittest1.cpp
     1>c:\users\jingzhen\documents\github\ce2\text buddy 2\unittest2\unittest1.cpp(27): error C2039: 'commandSearch' : is not a member of 'TextBuddy'
                 c:\users\jingzhen\documents\github\ce2\text buddy 2\text buddy 2\textbuddy.h(24) : see declaration of 'TextBuddy'
     1>Done Building Project "C:\Users\JINGZHEN\Documents\GitHub\CE2\Text Buddy 2\UnitTest2\UnitTest2.vcxproj" (Build target(s)) -- FAILED.

Build FAILED.

Time Elapsed 00:00:00.41
