Build started 2/28/2015 11:46:09 PM.
     1>Project "C:\Users\JINGZHEN\Documents\GitHub\[f11][Chee Jing Zhen][CE2][cpp]\Text Buddy 2\UnitTest1\UnitTest1.vcxproj" on node 3 (Build target(s)).
     1>Link:
         C:\Program Files (x86)\Microsoft Visual Studio 11.0\VC\bin\link.exe /ERRORREPORT:PROMPT /OUT:"C:\Users\JINGZHEN\Documents\GitHub\[f11][Chee Jing Zhen][CE2][cpp]\Text Buddy 2\Debug\UnitTest1.dll" /INCREMENTAL /NOLOGO /LIBPATH:"C:\Program Files (x86)\Microsoft Visual Studio 11.0\VC\UnitTest\lib" kernel32.lib user32.lib gdi32.lib winspool.lib comdlg32.lib advapi32.lib shell32.lib ole32.lib oleaut32.lib uuid.lib odbc32.lib odbccp32.lib /MANIFEST /MANIFESTUAC:"level='asInvoker' uiAccess='false'" /manifest:embed /DEBUG /PDB:"C:\Users\JINGZHEN\Documents\GitHub\[f11][Chee Jing Zhen][CE2][cpp]\Text Buddy 2\Debug\UnitTest1.pdb" /SUBSYSTEM:WINDOWS /TLBID:1 /DYNAMICBASE /NXCOMPAT /IMPLIB:"C:\Users\JINGZHEN\Documents\GitHub\[f11][Chee Jing Zhen][CE2][cpp]\Text Buddy 2\Debug\UnitTest1.lib" /MACHINE:X86 /DLL Debug\stdafx.obj
         Debug\unittest1.obj
            Creating library C:\Users\JINGZHEN\Documents\GitHub\[f11][Chee Jing Zhen][CE2][cpp]\Text Buddy 2\Debug\UnitTest1.lib and object C:\Users\JINGZHEN\Documents\GitHub\[f11][Chee Jing Zhen][CE2][cpp]\Text Buddy 2\Debug\UnitTest1.exp
     1>unittest1.obj : error LNK2019: unresolved external symbol "public: __thiscall TextBuddy::TextBuddy(class std::basic_string<char,struct std::char_traits<char>,class std::allocator<char> >)" (??0TextBuddy@@QAE@V?$basic_string@DU?$char_traits@D@std@@V?$allocator@D@2@@std@@@Z) referenced in function "public: void __thiscall UnitTest1::commandSort::testCommandSort(void)" (?testCommandSort@commandSort@UnitTest1@@QAEXXZ)
     1>unittest1.obj : error LNK2019: unresolved external symbol "public: void __thiscall TextBuddy::commandAdd(class std::basic_string<char,struct std::char_traits<char>,class std::allocator<char> >)" (?commandAdd@TextBuddy@@QAEXV?$basic_string@DU?$char_traits@D@std@@V?$allocator@D@2@@std@@@Z) referenced in function "public: void __thiscall UnitTest1::commandSort::testCommandSort(void)" (?testCommandSort@commandSort@UnitTest1@@QAEXXZ)
     1>unittest1.obj : error LNK2019: unresolved external symbol "public: void __thiscall TextBuddy::commandSort(void)" (?commandSort@TextBuddy@@QAEXXZ) referenced in function "public: void __thiscall UnitTest1::commandSort::testCommandSort(void)" (?testCommandSort@commandSort@UnitTest1@@QAEXXZ)
     1>C:\Users\JINGZHEN\Documents\GitHub\[f11][Chee Jing Zhen][CE2][cpp]\Text Buddy 2\Debug\UnitTest1.dll : fatal error LNK1120: 3 unresolved externals
     1>Done Building Project "C:\Users\JINGZHEN\Documents\GitHub\[f11][Chee Jing Zhen][CE2][cpp]\Text Buddy 2\UnitTest1\UnitTest1.vcxproj" (Build target(s)) -- FAILED.

Build FAILED.

Time Elapsed 00:00:02.88
